Flow report for Ubicacion
Sat Nov 30 17:19:41 2024
Quartus Prime Version 23.1std.1 Build 993 05/14/2024 SC Lite Edition


---------------------
; Table of Contents ;
---------------------
  1. Legal Notice
  2. Flow Summary
  3. Flow Settings
  4. Flow Non-Default Global Settings
  5. Flow Elapsed Time
  6. Flow OS Summary
  7. Flow Log
  8. Flow Messages
  9. Flow Suppressed Messages



----------------
; Legal Notice ;
----------------
Copyright (C) 2024  Intel Corporation. All rights reserved.
Your use of Intel Corporation's design tools, logic functions 
and other software and tools, and any partner logic 
functions, and any output files from any of the foregoing 
(including device programming or simulation files), and any 
associated documentation or information are expressly subject 
to the terms and conditions of the Intel Program License 
Subscription Agreement, the Intel Quartus Prime License Agreement,
the Intel FPGA IP License Agreement, or other applicable license
agreement, including, without limitation, that your use is for
the sole purpose of programming logic devices manufactured by
Intel and sold by Intel or its authorized distributors.  Please
refer to the applicable agreement for further details, at
https://fpgasoftware.intel.com/eula.



+-------------------------------------------------------------------------------------+
; Flow Summary                                                                        ;
+------------------------------------+------------------------------------------------+
; Flow Status                        ; Successful - Sat Nov 30 17:19:41 2024          ;
; Quartus Prime Version              ; 23.1std.1 Build 993 05/14/2024 SC Lite Edition ;
; Revision Name                      ; Ubicacion                                      ;
; Top-level Entity Name              ; TODO                                           ;
; Family                             ; Cyclone IV E                                   ;
; Device                             ; EP4CE22F17C6                                   ;
; Timing Models                      ; Final                                          ;
; Total logic elements               ; 1,082 / 22,320 ( 5 % )                         ;
;     Total combinational functions  ; 1,040 / 22,320 ( 5 % )                         ;
;     Dedicated logic registers      ; 292 / 22,320 ( 1 % )                           ;
; Total registers                    ; 292                                            ;
; Total pins                         ; 17 / 154 ( 11 % )                              ;
; Total virtual pins                 ; 0                                              ;
; Total memory bits                  ; 0 / 608,256 ( 0 % )                            ;
; Embedded Multiplier 9-bit elements ; 0 / 132 ( 0 % )                                ;
; Total PLLs                         ; 1 / 4 ( 25 % )                                 ;
+------------------------------------+------------------------------------------------+


+-----------------------------------------+
; Flow Settings                           ;
+-------------------+---------------------+
; Option            ; Setting             ;
+-------------------+---------------------+
; Start date & time ; 11/30/2024 17:19:14 ;
; Main task         ; Compilation         ;
; Revision Name     ; Ubicacion           ;
+-------------------+---------------------+


+------------------------------------------------------------------------------------------------------------------------------------------------+
; Flow Non-Default Global Settings                                                                                                               ;
+-------------------------------------+----------------------------------------+---------------+-------------+-----------------------------------+
; Assignment Name                     ; Value                                  ; Default Value ; Entity Name ; Section Id                        ;
+-------------------------------------+----------------------------------------+---------------+-------------+-----------------------------------+
; COMPILER_SIGNATURE_ID               ; 224391390753260.173299795414296        ; --            ; --          ; --                                ;
; EDA_GENERATE_FUNCTIONAL_NETLIST     ; Off                                    ; --            ; --          ; eda_board_design_timing           ;
; EDA_GENERATE_FUNCTIONAL_NETLIST     ; Off                                    ; --            ; --          ; eda_board_design_boundary_scan    ;
; EDA_GENERATE_FUNCTIONAL_NETLIST     ; Off                                    ; --            ; --          ; eda_board_design_signal_integrity ;
; EDA_GENERATE_FUNCTIONAL_NETLIST     ; Off                                    ; --            ; --          ; eda_board_design_symbol           ;
; EDA_OUTPUT_DATA_FORMAT              ; Verilog Hdl                            ; --            ; --          ; eda_simulation                    ;
; EDA_SIMULATION_TOOL                 ; Questa Intel FPGA (Verilog)            ; <None>        ; --          ; --                                ;
; EDA_TIME_SCALE                      ; 1 ps                                   ; --            ; --          ; eda_simulation                    ;
; MAX_CORE_JUNCTION_TEMP              ; 85                                     ; --            ; --          ; --                                ;
; MIN_CORE_JUNCTION_TEMP              ; 0                                      ; --            ; --          ; --                                ;
; MISC_FILE                           ; mux44.bsf                              ; --            ; --          ; --                                ;
; MISC_FILE                           ; mux44.cmp                              ; --            ; --          ; --                                ;
; MISC_FILE                           ; comparator.bsf                         ; --            ; --          ; --                                ;
; MISC_FILE                           ; comparator.cmp                         ; --            ; --          ; --                                ;
; MISC_FILE                           ; adder.bsf                              ; --            ; --          ; --                                ;
; MISC_FILE                           ; adder.cmp                              ; --            ; --          ; --                                ;
; MISC_FILE                           ; altpll1.bsf                            ; --            ; --          ; --                                ;
; MISC_FILE                           ; altpll1.cmp                            ; --            ; --          ; --                                ;
; MISC_FILE                           ; altpll1.ppf                            ; --            ; --          ; --                                ;
; MISC_FILE                           ; altpll0.bsf                            ; --            ; --          ; --                                ;
; MISC_FILE                           ; altpll0.cmp                            ; --            ; --          ; --                                ;
; MISC_FILE                           ; altpll0.ppf                            ; --            ; --          ; --                                ;
; MISC_FILE                           ; pll.bsf                                ; --            ; --          ; --                                ;
; MISC_FILE                           ; pll.cmp                                ; --            ; --          ; --                                ;
; MISC_FILE                           ; pll.ppf                                ; --            ; --          ; --                                ;
; MISC_FILE                           ; lpm_compare0.bsf                       ; --            ; --          ; --                                ;
; MISC_FILE                           ; lpm_compare0.cmp                       ; --            ; --          ; --                                ;
; NOMINAL_CORE_SUPPLY_VOLTAGE         ; 1.2V                                   ; --            ; --          ; --                                ;
; PARTITION_COLOR                     ; -- (Not supported for targeted family) ; --            ; TODO        ; Top                               ;
; PARTITION_FITTER_PRESERVATION_LEVEL ; -- (Not supported for targeted family) ; --            ; TODO        ; Top                               ;
; PARTITION_NETLIST_TYPE              ; -- (Not supported for targeted family) ; --            ; TODO        ; Top                               ;
; POWER_BOARD_THERMAL_MODEL           ; None (CONSERVATIVE)                    ; --            ; --          ; --                                ;
; POWER_PRESET_COOLING_SOLUTION       ; 23 MM HEAT SINK WITH 200 LFPM AIRFLOW  ; --            ; --          ; --                                ;
; PROJECT_OUTPUT_DIRECTORY            ; output_files                           ; --            ; --          ; --                                ;
; TOP_LEVEL_ENTITY                    ; TODO                                   ; Ubicacion     ; --          ; --                                ;
+-------------------------------------+----------------------------------------+---------------+-------------+-----------------------------------+


+--------------------------------------------------------------------------------------------------------------------------+
; Flow Elapsed Time                                                                                                        ;
+----------------------+--------------+-------------------------+---------------------+------------------------------------+
; Module Name          ; Elapsed Time ; Average Processors Used ; Peak Virtual Memory ; Total CPU Time (on all processors) ;
+----------------------+--------------+-------------------------+---------------------+------------------------------------+
; Analysis & Synthesis ; 00:00:10     ; 1.0                     ; 4902 MB             ; 00:00:11                           ;
; Fitter               ; 00:00:10     ; 1.1                     ; 5854 MB             ; 00:00:04                           ;
; Assembler            ; 00:00:00     ; 1.0                     ; 4707 MB             ; 00:00:01                           ;
; Timing Analyzer      ; 00:00:02     ; 1.2                     ; 4844 MB             ; 00:00:01                           ;
; EDA Netlist Writer   ; 00:00:00     ; 1.0                     ; 4657 MB             ; 00:00:00                           ;
; Total                ; 00:00:22     ; --                      ; --                  ; 00:00:17                           ;
+----------------------+--------------+-------------------------+---------------------+------------------------------------+


+------------------------------------------------------------------------------------+
; Flow OS Summary                                                                    ;
+----------------------+------------------+------------+------------+----------------+
; Module Name          ; Machine Hostname ; OS Name    ; OS Version ; Processor type ;
+----------------------+------------------+------------+------------+----------------+
; Analysis & Synthesis ; PWR_Station      ; Windows 10 ; 10.0       ; x86_64         ;
; Fitter               ; PWR_Station      ; Windows 10 ; 10.0       ; x86_64         ;
; Assembler            ; PWR_Station      ; Windows 10 ; 10.0       ; x86_64         ;
; Timing Analyzer      ; PWR_Station      ; Windows 10 ; 10.0       ; x86_64         ;
; EDA Netlist Writer   ; PWR_Station      ; Windows 10 ; 10.0       ; x86_64         ;
+----------------------+------------------+------------+------------+----------------+


------------
; Flow Log ;
------------
quartus_map --read_settings_files=on --write_settings_files=off Ubicacion -c Ubicacion
quartus_fit --read_settings_files=off --write_settings_files=off Ubicacion -c Ubicacion
quartus_asm --read_settings_files=off --write_settings_files=off Ubicacion -c Ubicacion
quartus_sta Ubicacion -c Ubicacion
quartus_eda --read_settings_files=off --write_settings_files=off Ubicacion -c Ubicacion



